proguard/seeds.txt
secure.wchat.BuildConfig
secure.wchat.BuildConfig: boolean DEBUG
secure.wchat.BuildConfig: BuildConfig()
secure.wchat.R
secure.wchat.R: R()
secure.wchat.R$attr
secure.wchat.R$attr: R$attr()
secure.wchat.R$color
secure.wchat.R$color: int color_preloader_center
secure.wchat.R$color: int color_preloader_center_dialog
secure.wchat.R$color: int color_preloader_center_menu
secure.wchat.R$color: int color_preloader_end
secure.wchat.R$color: int color_preloader_end_dialog
secure.wchat.R$color: int color_preloader_end_menu
secure.wchat.R$color: int color_preloader_start
secure.wchat.R$color: int color_preloader_start_dialog
secure.wchat.R$color: int color_preloader_start_menu
secure.wchat.R$color: R$color()
secure.wchat.R$drawable
secure.wchat.R$drawable: int boton_azul
secure.wchat.R$drawable: int boton_azul_press
secure.wchat.R$drawable: int check
secure.wchat.R$drawable: int degradado
secure.wchat.R$drawable: int fadein
secure.wchat.R$drawable: int fadeout
secure.wchat.R$drawable: int ic_launcher
secure.wchat.R$drawable: int loader
secure.wchat.R$drawable: int logo
secure.wchat.R$drawable: R$drawable()
secure.wchat.R$id
secure.wchat.R$id: int babrir
secure.wchat.R$id: int batras
secure.wchat.R$id: int bempezar
secure.wchat.R$id: int bseguir
secure.wchat.R$id: int ipaso1
secure.wchat.R$id: int ipaso2
secure.wchat.R$id: int ipaso3
secure.wchat.R$id: int ipaso4
secure.wchat.R$id: int logo
secure.wchat.R$id: int paso1
secure.wchat.R$id: int paso2
secure.wchat.R$id: int paso3
secure.wchat.R$id: int paso4
secure.wchat.R$id: int ppaso1
secure.wchat.R$id: int ppaso2
secure.wchat.R$id: int ppaso3
secure.wchat.R$id: int ppaso4
secure.wchat.R$id: int progreso
secure.wchat.R$id: int rel
secure.wchat.R$id: int tinfo
secure.wchat.R$id: int tpaso
secure.wchat.R$id: int troot
secure.wchat.R$id: R$id()
secure.wchat.R$layout
secure.wchat.R$layout: int v_copia
secure.wchat.R$layout: int v_desinstalar
secure.wchat.R$layout: int v_final
secure.wchat.R$layout: int v_principal
secure.wchat.R$layout: int v_proceso
secure.wchat.R$layout: int v_proceso_no_root
secure.wchat.R$layout: int v_proceso_root
secure.wchat.R$layout: R$layout()
secure.wchat.R$string
secure.wchat.R$string: int app_name
secure.wchat.R$string: int informacion
secure.wchat.R$string: int tfinal
secure.wchat.R$string: int tnoroot
secure.wchat.R$string: int tpaso1
secure.wchat.R$string: int tpaso2
secure.wchat.R$string: int troot
secure.wchat.R$string: R$string()
...
com.stericson.RootTools.Constants
com.stericson.RootTools.Constants: java.lang.String TAG
com.stericson.RootTools.Constants: int FPS
com.stericson.RootTools.Constants: int IAG
com.stericson.RootTools.Constants: int BBA
com.stericson.RootTools.Constants: int BBV
com.stericson.RootTools.Constants: int GI
com.stericson.RootTools.Constants: int GS
com.stericson.RootTools.Constants: int GSYM
com.stericson.RootTools.Constants: Constants()
com.stericson.RootTools.RootTools
com.stericson.RootTools.RootTools: com.stericson.RootTools.internal.RootToolsInternalMethods rim
com.stericson.RootTools.RootTools: boolean debugMode
com.stericson.RootTools.RootTools: java.util.List lastFoundBinaryPaths
com.stericson.RootTools.RootTools: java.lang.String utilPath
com.stericson.RootTools.RootTools: boolean handlerEnabled
com.stericson.RootTools.RootTools: int default_Command_Timeout
com.stericson.RootTools.RootTools: RootTools()
com.stericson.RootTools.RootTools: void setRim(com.stericson.RootTools.internal.RootToolsInternalMethods)
com.stericson.RootTools.RootTools: com.stericson.RootTools.internal.RootToolsInternalMethods getInternals()
com.stericson.RootTools.RootTools: boolean checkUtil(java.lang.String)
com.stericson.RootTools.RootTools: void closeAllShells()
com.stericson.RootTools.RootTools: void closeCustomShell()
com.stericson.RootTools.RootTools: void closeShell(boolean)
com.stericson.RootTools.RootTools: boolean copyFile(java.lang.String,java.lang.String,boolean,boolean)
com.stericson.RootTools.RootTools: boolean deleteFileOrDirectory(java.lang.String,boolean)
com.stericson.RootTools.RootTools: boolean exists(java.lang.String)
com.stericson.RootTools.RootTools: void fixUtil(java.lang.String,java.lang.String)
com.stericson.RootTools.RootTools: boolean fixUtils(java.lang.String[])
com.stericson.RootTools.RootTools: boolean findBinary(java.lang.String)
com.stericson.RootTools.containers.Mount
com.stericson.RootTools.containers.Mount: java.io.File mDevice
com.stericson.RootTools.containers.Mount: java.io.File mMountPoint
com.stericson.RootTools.containers.Mount: java.lang.String mType
com.stericson.RootTools.containers.Mount: java.util.Set mFlags
com.stericson.RootTools.containers.Mount: Mount(java.io.File,java.io.File,java.lang.String,java.lang.String)
com.stericson.RootTools.containers.Mount: java.io.File getDevice()
com.stericson.RootTools.containers.Mount: java.io.File getMountPoint()
com.stericson.RootTools.containers.Mount: java.lang.String getType()
com.stericson.RootTools.containers.Mount: java.util.Set getFlags()
com.stericson.RootTools.containers.Mount: java.lang.String toString()