proguard/mapping.txt
secure.wchat.BuildConfig -> secure.wchat.BuildConfig:
    boolean DEBUG -> DEBUG
secure.wchat.R -> secure.wchat.R:
secure.wchat.R$attr -> secure.wchat.R$attr:
secure.wchat.R$color -> secure.wchat.R$color:
    int color_preloader_center -> color_preloader_center
    int color_preloader_center_dialog -> color_preloader_center_dialog
    int color_preloader_center_menu -> color_preloader_center_menu
    int color_preloader_end -> color_preloader_end
    int color_preloader_end_dialog -> color_preloader_end_dialog
    int color_preloader_end_menu -> color_preloader_end_menu
    int color_preloader_start -> color_preloader_start
    int color_preloader_start_dialog -> color_preloader_start_dialog
    int color_preloader_start_menu -> color_preloader_start_menu
secure.wchat.R$drawable -> secure.wchat.R$drawable:
    int boton_azul -> boton_azul
    int boton_azul_press -> boton_azul_press
    int check -> check
    int degradado -> degradado
    int fadein -> fadein
    int fadeout -> fadeout
    int ic_launcher -> ic_launcher
    int loader -> loader
    int logo -> logo
secure.wchat.R$id -> secure.wchat.R$id:
    int babrir -> babrir
    int batras -> batras
    int bempezar -> bempezar
    int bseguir -> bseguir
    int ipaso1 -> ipaso1
    int ipaso2 -> ipaso2
    int ipaso3 -> ipaso3
    int ipaso4 -> ipaso4
    int logo -> logo
    int paso1 -> paso1
    int paso2 -> paso2
    int paso3 -> paso3
    int paso4 -> paso4
    int ppaso1 -> ppaso1
    int ppaso2 -> ppaso2
    int ppaso3 -> ppaso3
    int ppaso4 -> ppaso4
    int progreso -> progreso
    int rel -> rel
    int tinfo -> tinfo
    int tpaso -> tpaso
    int troot -> troot
secure.wchat.R$layout -> secure.wchat.R$layout:
    int v_copia -> v_copia
    int v_desinstalar -> v_desinstalar
    int v_final -> v_final
    int v_principal -> v_principal
    int v_proceso -> v_proceso
    int v_proceso_no_root -> v_proceso_no_root
    int v_proceso_root -> v_proceso_root
secure.wchat.R$string -> secure.wchat.R$string:
    int app_name -> app_name
    int informacion -> informacion
    int tfinal -> tfinal
    int tnoroot -> tnoroot
    int tpaso1 -> tpaso1
    int tpaso2 -> tpaso2
    int troot -> troot
...
org.apache.commons.ssl.asn1.DEROutputStream -> org.apache.commons.ssl.asn1.DEROutputStream:
    17:33:void writeLength(int) -> writeLength
    39:42:void writeEncoded(int,byte[]) -> writeEncoded
    46:48:void writeNull() -> writeNull
    52:53:void write(byte[]) -> write
    57:58:void write(byte[],int,int) -> write
    63:70:void writeObject(java.lang.Object) -> writeObject
org.apache.commons.ssl.asn1.DERPrintableString -> org.apache.commons.ssl.asn1.DERPrintableString:
    java.lang.String string -> string
    18:30:org.apache.commons.ssl.asn1.DERPrintableString getInstance(java.lang.Object) -> getInstance
    45:45:org.apache.commons.ssl.asn1.DERPrintableString getInstance(org.apache.commons.ssl.asn1.ASN1TaggedObject,boolean) -> getInstance
    85:85:java.lang.String getString() -> getString
    89:96:byte[] getOctets() -> getOctets
    102:103:void encode(org.apache.commons.ssl.asn1.DEROutputStream) -> encode
    106:106:int hashCode() -> hashCode
    111:117:boolean asn1Equals(org.apache.commons.ssl.asn1.DERObject) -> asn1Equals
    121:121:java.lang.String toString() -> toString
    132:170:boolean isPrintableString(java.lang.String) -> isPrintableString
org.apache.commons.ssl.asn1.DERSequence -> org.apache.commons.ssl.asn1.DERSequence:
    46:61:void encode(org.apache.commons.ssl.asn1.DEROutputStream) -> encode
org.apache.commons.ssl.asn1.DERSequenceGenerator -> org.apache.commons.ssl.asn1.DERSequenceGenerator:
    java.io.ByteArrayOutputStream _bOut -> _bOut
    28:29:void addObject(org.apache.commons.ssl.asn1.DEREncodable) -> addObject
    32:32:java.io.OutputStream getRawOutputStream() -> getRawOutputStream
    37:38:void close() -> close
org.apache.commons.ssl.asn1.DERSet -> org.apache.commons.ssl.asn1.DERSet:
    60:75:void encode(org.apache.commons.ssl.asn1.DEROutputStream) -> encode
org.apache.commons.ssl.asn1.DERString -> org.apache.commons.ssl.asn1.DERString:
    java.lang.String getString() -> getString
org.apache.commons.ssl.asn1.DERT61String -> org.apache.commons.ssl.asn1.DERT61String:
    java.lang.String string -> string
    18:30:org.apache.commons.ssl.asn1.DERT61String getInstance(java.lang.Object) -> getInstance
    45:45:org.apache.commons.ssl.asn1.DERT61String getInstance(org.apache.commons.ssl.asn1.ASN1TaggedObject,boolean) -> getInstance
    67:67:java.lang.String getString() -> getString
    71:71:java.lang.String toString() -> toString
    77:78:void encode(org.apache.commons.ssl.asn1.DEROutputStream) -> encode
    81:88:byte[] getOctets() -> getOctets
    93:97:boolean asn1Equals(org.apache.commons.ssl.asn1.DERObject) -> asn1Equals
    101:101:int hashCode() -> hashCode
org.apache.commons.ssl.asn1.DERTaggedObject -> org.apache.commons.ssl.asn1.DERTaggedObject:
    47:73:void encode(org.apache.commons.ssl.asn1.DEROutputStream) -> encode
org.apache.commons.ssl.asn1.DERTags -> org.apache.commons.ssl.asn1.DERTags:
    int BOOLEAN -> BOOLEAN
    int INTEGER -> INTEGER
    int BIT_STRING -> BIT_STRING
    int OCTET_STRING -> OCTET_STRING
    int NULL -> NULL
    int OBJECT_IDENTIFIER -> OBJECT_IDENTIFIER
    int EXTERNAL -> EXTERNAL
    int ENUMERATED -> ENUMERATED
    int SEQUENCE -> SEQUENCE
    int SEQUENCE_OF -> SEQUENCE_OF
    int SET -> SET
    int SET_OF -> SET_OF
    int NUMERIC_STRING -> NUMERIC_STRING
    int PRINTABLE_STRING -> PRINTABLE_STRING
    int T61_STRING -> T61_STRING
    int VIDEOTEX_STRING -> VIDEOTEX_STRING
    int IA5_STRING -> IA5_STRING
    int UTC_TIME -> UTC_TIME
    int GENERALIZED_TIME -> GENERALIZED_TIME
    int GRAPHIC_STRING -> GRAPHIC_STRING
    int VISIBLE_STRING -> VISIBLE_STRING
    int GENERAL_STRING -> GENERAL_STRING
    int UNIVERSAL_STRING -> UNIVERSAL_STRING
    int BMP_STRING -> BMP_STRING
    int UTF8_STRING -> UTF8_STRING
    int CONSTRUCTED -> CONSTRUCTED
    int APPLICATION -> APPLICATION
    int TAGGED -> TAGGED